<?xml version="1.0" encoding="UTF-8"?>
<coverage generated="1550172992438" clover="3.2.0">
  <project timestamp="1550172992438" name="All files">
    <metrics statements="16" coveredstatements="16" conditionals="8" coveredconditionals="8" methods="4" coveredmethods="4" elements="28" coveredelements="28" complexity="0" loc="16" ncloc="16" packages="2" files="4" classes="4">
      <package name="src">
        <metrics statements="0" coveredstatements="0" conditionals="0" coveredconditionals="0" methods="0" coveredmethods="0"/>
        <file name="index.js" path="/Users/cantecim/Desktop/Projects/React/fizz-buzz/src/index.js">
          <metrics statements="0" coveredstatements="0" conditionals="0" coveredconditionals="0" methods="0" coveredmethods="0"/>
        </file>
      </package>
      <package name="src.components">
        <metrics statements="16" coveredstatements="16" conditionals="8" coveredconditionals="8" methods="4" coveredmethods="4"/>
        <file name="Hoc.js" path="/Users/cantecim/Desktop/Projects/React/fizz-buzz/src/components/Hoc.js">
          <metrics statements="8" coveredstatements="8" conditionals="8" coveredconditionals="8" methods="1" coveredmethods="1"/>
          <line num="3" count="3" type="stmt"/>
          <line num="4" count="4" type="cond" truecount="4" falsecount="0"/>
          <line num="5" count="1" type="stmt"/>
          <line num="6" count="3" type="cond" truecount="2" falsecount="0"/>
          <line num="7" count="1" type="stmt"/>
          <line num="8" count="2" type="cond" truecount="2" falsecount="0"/>
          <line num="9" count="1" type="stmt"/>
          <line num="11" count="1" type="stmt"/>
        </file>
        <file name="Text.js" path="/Users/cantecim/Desktop/Projects/React/fizz-buzz/src/components/Text.js">
          <metrics statements="4" coveredstatements="4" conditionals="0" coveredconditionals="0" methods="1" coveredmethods="1"/>
          <line num="4" count="3" type="stmt"/>
          <line num="5" count="6" type="stmt"/>
          <line num="10" count="3" type="stmt"/>
          <line num="14" count="3" type="stmt"/>
        </file>
        <file name="WithString.js" path="/Users/cantecim/Desktop/Projects/React/fizz-buzz/src/components/WithString.js">
          <metrics statements="4" coveredstatements="4" conditionals="0" coveredconditionals="0" methods="2" coveredmethods="2"/>
          <line num="3" count="3" type="stmt"/>
          <line num="4" count="5" type="stmt"/>
          <line num="5" count="5" type="stmt"/>
          <line num="8" count="5" type="stmt"/>
        </file>
      </package>
    </metrics>
  </project>
</coverage>
